[25-Dec-2022 20:18:08 UTC] PHP Parse error:  syntax error, unexpected token "}" in /Users/Natasha/Local Sites/fictional-university/app/public/wp-content/themes/fictional-university-theme/index.php on line 6
[27-Dec-2022 17:08:49 UTC] PHP Parse error:  syntax error, unexpected token ")" in /Users/Natasha/Local Sites/fictional-university/app/public/wp-content/themes/fictional-university-theme/page.php on line 30
[28-Dec-2022 16:04:59 UTC] PHP Parse error:  syntax error, unexpected token "}" in /Users/Natasha/Local Sites/fictional-university/app/public/wp-content/themes/fictional-university-theme/functions.php on line 27
[28-Dec-2022 16:04:59 UTC] PHP Warning:  Trying to access array offset on value of type bool in /Users/Natasha/Local Sites/fictional-university/app/public/wp-includes/class-wp-recovery-mode-email-service.php on line 372
[28-Dec-2022 16:04:59 UTC] PHP Warning:  Trying to access array offset on value of type bool in /Users/Natasha/Local Sites/fictional-university/app/public/wp-includes/class-wp-recovery-mode-email-service.php on line 373
[28-Dec-2022 16:05:02 UTC] PHP Parse error:  syntax error, unexpected token "}" in /Users/Natasha/Local Sites/fictional-university/app/public/wp-content/themes/fictional-university-theme/functions.php on line 27
[28-Dec-2022 16:10:04 UTC] PHP Parse error:  syntax error, unexpected token ")" in /Users/Natasha/Local Sites/fictional-university/app/public/wp-content/themes/fictional-university-theme/functions.php on line 30
[07-Jan-2023 20:27:02 UTC] PHP Parse error:  syntax error, unexpected token "}" in /Users/Natasha/Local Sites/fictional-university/app/public/wp-content/themes/fictional-university-theme/functions.php on line 26
[07-Jan-2023 20:27:02 UTC] PHP Warning:  Trying to access array offset on value of type bool in /Users/Natasha/Local Sites/fictional-university/app/public/wp-includes/class-wp-recovery-mode-email-service.php on line 372
[07-Jan-2023 20:27:02 UTC] PHP Warning:  Trying to access array offset on value of type bool in /Users/Natasha/Local Sites/fictional-university/app/public/wp-includes/class-wp-recovery-mode-email-service.php on line 373
[07-Jan-2023 21:06:42 UTC] PHP Warning:  Undefined variable $programs in /Users/Natasha/Local Sites/fictional-university/app/public/wp-content/themes/fictional-university-theme/single-event.php on line 32
[07-Jan-2023 21:06:42 UTC] PHP Warning:  Undefined variable $programs in /Users/Natasha/Local Sites/fictional-university/app/public/wp-content/themes/fictional-university-theme/single-event.php on line 32
[07-Jan-2023 21:09:59 UTC] PHP Parse error:  syntax error, unexpected token "class", expecting "," or ";" in /Users/Natasha/Local Sites/fictional-university/app/public/wp-content/themes/fictional-university-theme/single-event.php on line 32
[16-Jan-2023 21:04:12 UTC] PHP Warning:  Undefined array key "size" in /Users/Natasha/Local Sites/fictional-university/app/public/wp-content/plugins/manual-image-crop/lib/ManualImageCropEditorWindow.php on line 39
[16-Jan-2023 21:05:59 UTC] PHP Warning:  Undefined array key "size" in /Users/Natasha/Local Sites/fictional-university/app/public/wp-content/plugins/manual-image-crop/lib/ManualImageCropEditorWindow.php on line 39
[16-Jan-2023 21:18:30 UTC] PHP Parse error:  syntax error, unexpected token "}" in /Users/Natasha/Local Sites/fictional-university/app/public/wp-content/themes/fictional-university-theme/functions.php on line 24
[16-Jan-2023 21:18:30 UTC] PHP Warning:  Trying to access array offset on value of type bool in /Users/Natasha/Local Sites/fictional-university/app/public/wp-includes/class-wp-recovery-mode-email-service.php on line 372
[16-Jan-2023 21:18:30 UTC] PHP Warning:  Trying to access array offset on value of type bool in /Users/Natasha/Local Sites/fictional-university/app/public/wp-includes/class-wp-recovery-mode-email-service.php on line 373
[16-Jan-2023 21:20:30 UTC] PHP Parse error:  syntax error, unexpected token "}" in /Users/Natasha/Local Sites/fictional-university/app/public/wp-content/themes/fictional-university-theme/functions.php on line 24
[16-Jan-2023 21:22:31 UTC] PHP Parse error:  syntax error, unexpected token "}" in /Users/Natasha/Local Sites/fictional-university/app/public/wp-content/themes/fictional-university-theme/functions.php on line 24
[16-Jan-2023 21:24:46 UTC] PHP Parse error:  syntax error, unexpected token "}" in /Users/Natasha/Local Sites/fictional-university/app/public/wp-content/themes/fictional-university-theme/functions.php on line 24
[16-Jan-2023 21:26:51 UTC] PHP Parse error:  syntax error, unexpected token "}" in /Users/Natasha/Local Sites/fictional-university/app/public/wp-content/themes/fictional-university-theme/functions.php on line 24
[16-Jan-2023 21:29:00 UTC] PHP Parse error:  syntax error, unexpected token "}" in /Users/Natasha/Local Sites/fictional-university/app/public/wp-content/themes/fictional-university-theme/functions.php on line 24
[16-Jan-2023 21:31:04 UTC] PHP Parse error:  syntax error, unexpected token "}" in /Users/Natasha/Local Sites/fictional-university/app/public/wp-content/themes/fictional-university-theme/functions.php on line 24
[16-Jan-2023 21:33:05 UTC] PHP Parse error:  syntax error, unexpected token "}" in /Users/Natasha/Local Sites/fictional-university/app/public/wp-content/themes/fictional-university-theme/functions.php on line 24
[16-Jan-2023 21:35:07 UTC] PHP Parse error:  syntax error, unexpected token "}" in /Users/Natasha/Local Sites/fictional-university/app/public/wp-content/themes/fictional-university-theme/functions.php on line 24
[16-Jan-2023 21:37:09 UTC] PHP Parse error:  syntax error, unexpected token "}" in /Users/Natasha/Local Sites/fictional-university/app/public/wp-content/themes/fictional-university-theme/functions.php on line 24
[16-Jan-2023 21:39:09 UTC] PHP Parse error:  syntax error, unexpected token "}" in /Users/Natasha/Local Sites/fictional-university/app/public/wp-content/themes/fictional-university-theme/functions.php on line 24
[16-Jan-2023 21:41:16 UTC] PHP Parse error:  syntax error, unexpected token "}" in /Users/Natasha/Local Sites/fictional-university/app/public/wp-content/themes/fictional-university-theme/functions.php on line 24
[16-Jan-2023 21:43:36 UTC] PHP Parse error:  syntax error, unexpected token "}" in /Users/Natasha/Local Sites/fictional-university/app/public/wp-content/themes/fictional-university-theme/functions.php on line 24
[16-Jan-2023 21:45:46 UTC] PHP Parse error:  syntax error, unexpected token "}" in /Users/Natasha/Local Sites/fictional-university/app/public/wp-content/themes/fictional-university-theme/functions.php on line 24
[16-Jan-2023 21:46:46 UTC] PHP Parse error:  syntax error, unexpected token "}" in /Users/Natasha/Local Sites/fictional-university/app/public/wp-content/themes/fictional-university-theme/functions.php on line 24
[16-Jan-2023 21:48:51 UTC] PHP Parse error:  syntax error, unexpected token "}" in /Users/Natasha/Local Sites/fictional-university/app/public/wp-content/themes/fictional-university-theme/functions.php on line 24
[16-Jan-2023 21:56:30 UTC] PHP Fatal error:  Uncaught TypeError: Cannot access offset of type string on string in /Users/Natasha/Local Sites/fictional-university/app/public/wp-content/themes/fictional-university-theme/single-professor.php:7
Stack trace:
#0 /Users/Natasha/Local Sites/fictional-university/app/public/wp-includes/template-loader.php(106): include()
#1 /Users/Natasha/Local Sites/fictional-university/app/public/wp-blog-header.php(19): require_once('/Users/Natasha/...')
#2 /Users/Natasha/Local Sites/fictional-university/app/public/index.php(17): require('/Users/Natasha/...')
#3 {main}
  thrown in /Users/Natasha/Local Sites/fictional-university/app/public/wp-content/themes/fictional-university-theme/single-professor.php on line 7
[16-Jan-2023 22:00:54 UTC] PHP Warning:  Undefined array key "size" in /Users/Natasha/Local Sites/fictional-university/app/public/wp-content/plugins/manual-image-crop/lib/ManualImageCropEditorWindow.php on line 39
[21-Jan-2023 16:47:02 UTC] PHP Warning:  Undefined array key "size" in /Users/Natasha/Local Sites/fictional-university/app/public/wp-content/plugins/manual-image-crop/lib/ManualImageCropEditorWindow.php on line 39
[21-Jan-2023 16:49:34 UTC] PHP Warning:  Trying to access array offset on value of type bool in /Users/Natasha/Local Sites/fictional-university/app/public/wp-content/themes/fictional-university-theme/functions.php on line 7
[21-Jan-2023 16:49:34 UTC] PHP Warning:  Trying to access array offset on value of type null in /Users/Natasha/Local Sites/fictional-university/app/public/wp-content/themes/fictional-university-theme/functions.php on line 7
[21-Jan-2023 16:50:18 UTC] PHP Warning:  Trying to access array offset on value of type bool in /Users/Natasha/Local Sites/fictional-university/app/public/wp-content/themes/fictional-university-theme/functions.php on line 7
[21-Jan-2023 16:50:18 UTC] PHP Warning:  Trying to access array offset on value of type null in /Users/Natasha/Local Sites/fictional-university/app/public/wp-content/themes/fictional-university-theme/functions.php on line 7
[21-Jan-2023 16:50:25 UTC] PHP Warning:  Trying to access array offset on value of type bool in /Users/Natasha/Local Sites/fictional-university/app/public/wp-content/themes/fictional-university-theme/functions.php on line 7
[21-Jan-2023 16:50:25 UTC] PHP Warning:  Trying to access array offset on value of type null in /Users/Natasha/Local Sites/fictional-university/app/public/wp-content/themes/fictional-university-theme/functions.php on line 7
[21-Jan-2023 16:50:45 UTC] PHP Warning:  Trying to access array offset on value of type bool in /Users/Natasha/Local Sites/fictional-university/app/public/wp-content/themes/fictional-university-theme/functions.php on line 7
[21-Jan-2023 16:50:45 UTC] PHP Warning:  Trying to access array offset on value of type null in /Users/Natasha/Local Sites/fictional-university/app/public/wp-content/themes/fictional-university-theme/functions.php on line 7
[21-Jan-2023 16:50:50 UTC] PHP Warning:  Trying to access array offset on value of type bool in /Users/Natasha/Local Sites/fictional-university/app/public/wp-content/themes/fictional-university-theme/functions.php on line 7
[21-Jan-2023 16:50:50 UTC] PHP Warning:  Trying to access array offset on value of type null in /Users/Natasha/Local Sites/fictional-university/app/public/wp-content/themes/fictional-university-theme/functions.php on line 7
[21-Jan-2023 16:50:51 UTC] PHP Warning:  Trying to access array offset on value of type bool in /Users/Natasha/Local Sites/fictional-university/app/public/wp-content/themes/fictional-university-theme/functions.php on line 7
[21-Jan-2023 16:50:51 UTC] PHP Warning:  Trying to access array offset on value of type null in /Users/Natasha/Local Sites/fictional-university/app/public/wp-content/themes/fictional-university-theme/functions.php on line 7
[21-Jan-2023 16:50:51 UTC] PHP Warning:  Trying to access array offset on value of type bool in /Users/Natasha/Local Sites/fictional-university/app/public/wp-content/themes/fictional-university-theme/functions.php on line 7
[21-Jan-2023 16:50:51 UTC] PHP Warning:  Trying to access array offset on value of type null in /Users/Natasha/Local Sites/fictional-university/app/public/wp-content/themes/fictional-university-theme/functions.php on line 7
[21-Jan-2023 16:50:52 UTC] PHP Warning:  Trying to access array offset on value of type bool in /Users/Natasha/Local Sites/fictional-university/app/public/wp-content/themes/fictional-university-theme/functions.php on line 7
[21-Jan-2023 16:50:52 UTC] PHP Warning:  Trying to access array offset on value of type null in /Users/Natasha/Local Sites/fictional-university/app/public/wp-content/themes/fictional-university-theme/functions.php on line 7
[21-Jan-2023 16:52:57 UTC] PHP Warning:  Trying to access array offset on value of type bool in /Users/Natasha/Local Sites/fictional-university/app/public/wp-content/themes/fictional-university-theme/functions.php on line 7
[21-Jan-2023 16:52:57 UTC] PHP Warning:  Trying to access array offset on value of type null in /Users/Natasha/Local Sites/fictional-university/app/public/wp-content/themes/fictional-university-theme/functions.php on line 7
[21-Jan-2023 16:52:58 UTC] PHP Warning:  Trying to access array offset on value of type bool in /Users/Natasha/Local Sites/fictional-university/app/public/wp-content/themes/fictional-university-theme/functions.php on line 7
[21-Jan-2023 16:52:58 UTC] PHP Warning:  Trying to access array offset on value of type null in /Users/Natasha/Local Sites/fictional-university/app/public/wp-content/themes/fictional-university-theme/functions.php on line 7
[21-Jan-2023 16:53:00 UTC] PHP Warning:  Trying to access array offset on value of type bool in /Users/Natasha/Local Sites/fictional-university/app/public/wp-content/themes/fictional-university-theme/functions.php on line 7
[21-Jan-2023 16:53:00 UTC] PHP Warning:  Trying to access array offset on value of type null in /Users/Natasha/Local Sites/fictional-university/app/public/wp-content/themes/fictional-university-theme/functions.php on line 7
[21-Jan-2023 16:53:24 UTC] PHP Warning:  Trying to access array offset on value of type null in /Users/Natasha/Local Sites/fictional-university/app/public/wp-content/themes/fictional-university-theme/functions.php on line 7
[21-Jan-2023 16:53:24 UTC] PHP Warning:  Trying to access array offset on value of type null in /Users/Natasha/Local Sites/fictional-university/app/public/wp-content/themes/fictional-university-theme/functions.php on line 7
[21-Jan-2023 16:53:26 UTC] PHP Warning:  Trying to access array offset on value of type null in /Users/Natasha/Local Sites/fictional-university/app/public/wp-content/themes/fictional-university-theme/functions.php on line 7
[21-Jan-2023 16:53:26 UTC] PHP Warning:  Trying to access array offset on value of type null in /Users/Natasha/Local Sites/fictional-university/app/public/wp-content/themes/fictional-university-theme/functions.php on line 7
[21-Jan-2023 16:53:28 UTC] PHP Warning:  Trying to access array offset on value of type bool in /Users/Natasha/Local Sites/fictional-university/app/public/wp-content/themes/fictional-university-theme/functions.php on line 7
[21-Jan-2023 16:53:28 UTC] PHP Warning:  Trying to access array offset on value of type null in /Users/Natasha/Local Sites/fictional-university/app/public/wp-content/themes/fictional-university-theme/functions.php on line 7
[21-Jan-2023 16:53:41 UTC] PHP Warning:  Trying to access array offset on value of type null in /Users/Natasha/Local Sites/fictional-university/app/public/wp-content/themes/fictional-university-theme/functions.php on line 7
[21-Jan-2023 16:53:41 UTC] PHP Warning:  Trying to access array offset on value of type null in /Users/Natasha/Local Sites/fictional-university/app/public/wp-content/themes/fictional-university-theme/functions.php on line 7
[21-Jan-2023 16:53:45 UTC] PHP Warning:  Trying to access array offset on value of type bool in /Users/Natasha/Local Sites/fictional-university/app/public/wp-content/themes/fictional-university-theme/functions.php on line 7
[21-Jan-2023 16:53:45 UTC] PHP Warning:  Trying to access array offset on value of type null in /Users/Natasha/Local Sites/fictional-university/app/public/wp-content/themes/fictional-university-theme/functions.php on line 7
[21-Jan-2023 16:54:18 UTC] PHP Warning:  Undefined array key "size" in /Users/Natasha/Local Sites/fictional-university/app/public/wp-content/plugins/manual-image-crop/lib/ManualImageCropEditorWindow.php on line 39
[21-Jan-2023 16:54:58 UTC] PHP Warning:  Trying to access array offset on value of type null in /Users/Natasha/Local Sites/fictional-university/app/public/wp-content/themes/fictional-university-theme/functions.php on line 7
[21-Jan-2023 16:54:58 UTC] PHP Warning:  Trying to access array offset on value of type null in /Users/Natasha/Local Sites/fictional-university/app/public/wp-content/themes/fictional-university-theme/functions.php on line 7
[21-Jan-2023 17:01:30 UTC] PHP Warning:  Undefined array key "title" in /Users/Natasha/Local Sites/fictional-university/app/public/wp-content/themes/fictional-university-theme/functions.php on line 4
[21-Jan-2023 17:01:46 UTC] PHP Warning:  Undefined array key "title" in /Users/Natasha/Local Sites/fictional-university/app/public/wp-content/themes/fictional-university-theme/functions.php on line 4
[21-Jan-2023 17:01:50 UTC] PHP Warning:  Undefined array key "title" in /Users/Natasha/Local Sites/fictional-university/app/public/wp-content/themes/fictional-university-theme/functions.php on line 4
[21-Jan-2023 17:04:32 UTC] PHP Warning:  Undefined array key "title" in /Users/Natasha/Local Sites/fictional-university/app/public/wp-content/themes/fictional-university-theme/functions.php on line 4
[21-Jan-2023 17:05:11 UTC] PHP Warning:  Undefined array key "title" in /Users/Natasha/Local Sites/fictional-university/app/public/wp-content/themes/fictional-university-theme/functions.php on line 4
[21-Jan-2023 17:05:33 UTC] PHP Warning:  Undefined array key "subtitle" in /Users/Natasha/Local Sites/fictional-university/app/public/wp-content/themes/fictional-university-theme/functions.php on line 7
[21-Jan-2023 17:14:43 UTC] PHP Warning:  Undefined array key "subtitle" in /Users/Natasha/Local Sites/fictional-university/app/public/wp-content/themes/fictional-university-theme/functions.php on line 7
[21-Jan-2023 17:14:43 UTC] PHP Warning:  Undefined array key "photo" in /Users/Natasha/Local Sites/fictional-university/app/public/wp-content/themes/fictional-university-theme/functions.php on line 10
[21-Jan-2023 17:14:43 UTC] PHP Fatal error:  Uncaught Error: Call to undefined function get_file() in /Users/Natasha/Local Sites/fictional-university/app/public/wp-content/themes/fictional-university-theme/functions.php:12
Stack trace:
#0 /Users/Natasha/Local Sites/fictional-university/app/public/wp-content/themes/fictional-university-theme/page.php(7): pageBanner(Array)
#1 /Users/Natasha/Local Sites/fictional-university/app/public/wp-includes/template-loader.php(106): include('/Users/Natasha/...')
#2 /Users/Natasha/Local Sites/fictional-university/app/public/wp-blog-header.php(19): require_once('/Users/Natasha/...')
#3 /Users/Natasha/Local Sites/fictional-university/app/public/index.php(17): require('/Users/Natasha/...')
#4 {main}
  thrown in /Users/Natasha/Local Sites/fictional-university/app/public/wp-content/themes/fictional-university-theme/functions.php on line 12
[21-Jan-2023 17:16:23 UTC] PHP Fatal error:  Uncaught ArgumentCountError: Too few arguments to function pageBanner(), 0 passed in /Users/Natasha/Local Sites/fictional-university/app/public/wp-content/themes/fictional-university-theme/page.php on line 6 and exactly 1 expected in /Users/Natasha/Local Sites/fictional-university/app/public/wp-content/themes/fictional-university-theme/functions.php:3
Stack trace:
#0 /Users/Natasha/Local Sites/fictional-university/app/public/wp-content/themes/fictional-university-theme/page.php(6): pageBanner()
#1 /Users/Natasha/Local Sites/fictional-university/app/public/wp-includes/template-loader.php(106): include('/Users/Natasha/...')
#2 /Users/Natasha/Local Sites/fictional-university/app/public/wp-blog-header.php(19): require_once('/Users/Natasha/...')
#3 /Users/Natasha/Local Sites/fictional-university/app/public/index.php(17): require('/Users/Natasha/...')
#4 {main}
  thrown in /Users/Natasha/Local Sites/fictional-university/app/public/wp-content/themes/fictional-university-theme/functions.php on line 3
[21-Jan-2023 17:16:52 UTC] PHP Warning:  Trying to access array offset on value of type null in /Users/Natasha/Local Sites/fictional-university/app/public/wp-content/themes/fictional-university-theme/functions.php on line 4
[21-Jan-2023 17:16:52 UTC] PHP Warning:  Undefined array key "subtitle" in /Users/Natasha/Local Sites/fictional-university/app/public/wp-content/themes/fictional-university-theme/functions.php on line 7
[21-Jan-2023 17:16:52 UTC] PHP Warning:  Undefined array key "photo" in /Users/Natasha/Local Sites/fictional-university/app/public/wp-content/themes/fictional-university-theme/functions.php on line 10
[21-Jan-2023 17:16:52 UTC] PHP Fatal error:  Uncaught Error: Call to undefined function get_file() in /Users/Natasha/Local Sites/fictional-university/app/public/wp-content/themes/fictional-university-theme/functions.php:12
Stack trace:
#0 /Users/Natasha/Local Sites/fictional-university/app/public/wp-content/themes/fictional-university-theme/page.php(6): pageBanner()
#1 /Users/Natasha/Local Sites/fictional-university/app/public/wp-includes/template-loader.php(106): include('/Users/Natasha/...')
#2 /Users/Natasha/Local Sites/fictional-university/app/public/wp-blog-header.php(19): require_once('/Users/Natasha/...')
#3 /Users/Natasha/Local Sites/fictional-university/app/public/index.php(17): require('/Users/Natasha/...')
#4 {main}
  thrown in /Users/Natasha/Local Sites/fictional-university/app/public/wp-content/themes/fictional-university-theme/functions.php on line 12
[21-Jan-2023 17:17:16 UTC] PHP Warning:  Trying to access array offset on value of type null in /Users/Natasha/Local Sites/fictional-university/app/public/wp-content/themes/fictional-university-theme/functions.php on line 4
[21-Jan-2023 17:17:16 UTC] PHP Warning:  Undefined array key "subtitle" in /Users/Natasha/Local Sites/fictional-university/app/public/wp-content/themes/fictional-university-theme/functions.php on line 7
[21-Jan-2023 17:17:16 UTC] PHP Warning:  Undefined array key "photo" in /Users/Natasha/Local Sites/fictional-university/app/public/wp-content/themes/fictional-university-theme/functions.php on line 10
[21-Jan-2023 17:17:16 UTC] PHP Fatal error:  Uncaught Error: Call to undefined function get_file() in /Users/Natasha/Local Sites/fictional-university/app/public/wp-content/themes/fictional-university-theme/functions.php:12
Stack trace:
#0 /Users/Natasha/Local Sites/fictional-university/app/public/wp-content/themes/fictional-university-theme/single-professor.php(6): pageBanner()
#1 /Users/Natasha/Local Sites/fictional-university/app/public/wp-includes/template-loader.php(106): include('/Users/Natasha/...')
#2 /Users/Natasha/Local Sites/fictional-university/app/public/wp-blog-header.php(19): require_once('/Users/Natasha/...')
#3 /Users/Natasha/Local Sites/fictional-university/app/public/index.php(17): require('/Users/Natasha/...')
#4 {main}
  thrown in /Users/Natasha/Local Sites/fictional-university/app/public/wp-content/themes/fictional-university-theme/functions.php on line 12
[21-Jan-2023 17:17:42 UTC] PHP Warning:  Trying to access array offset on value of type null in /Users/Natasha/Local Sites/fictional-university/app/public/wp-content/themes/fictional-university-theme/functions.php on line 4
[21-Jan-2023 17:17:42 UTC] PHP Warning:  Undefined array key "subtitle" in /Users/Natasha/Local Sites/fictional-university/app/public/wp-content/themes/fictional-university-theme/functions.php on line 7
[21-Jan-2023 17:17:42 UTC] PHP Warning:  Undefined array key "photo" in /Users/Natasha/Local Sites/fictional-university/app/public/wp-content/themes/fictional-university-theme/functions.php on line 10
[21-Jan-2023 17:17:42 UTC] PHP Fatal error:  Uncaught Error: Call to undefined function get_file() in /Users/Natasha/Local Sites/fictional-university/app/public/wp-content/themes/fictional-university-theme/functions.php:12
Stack trace:
#0 /Users/Natasha/Local Sites/fictional-university/app/public/wp-content/themes/fictional-university-theme/single-professor.php(6): pageBanner()
#1 /Users/Natasha/Local Sites/fictional-university/app/public/wp-includes/template-loader.php(106): include('/Users/Natasha/...')
#2 /Users/Natasha/Local Sites/fictional-university/app/public/wp-blog-header.php(19): require_once('/Users/Natasha/...')
#3 /Users/Natasha/Local Sites/fictional-university/app/public/index.php(17): require('/Users/Natasha/...')
#4 {main}
  thrown in /Users/Natasha/Local Sites/fictional-university/app/public/wp-content/themes/fictional-university-theme/functions.php on line 12
[21-Jan-2023 17:17:43 UTC] PHP Warning:  Trying to access array offset on value of type null in /Users/Natasha/Local Sites/fictional-university/app/public/wp-content/themes/fictional-university-theme/functions.php on line 4
[21-Jan-2023 17:17:43 UTC] PHP Warning:  Undefined array key "subtitle" in /Users/Natasha/Local Sites/fictional-university/app/public/wp-content/themes/fictional-university-theme/functions.php on line 7
[21-Jan-2023 17:17:43 UTC] PHP Warning:  Undefined array key "photo" in /Users/Natasha/Local Sites/fictional-university/app/public/wp-content/themes/fictional-university-theme/functions.php on line 10
[21-Jan-2023 17:17:43 UTC] PHP Fatal error:  Uncaught Error: Call to undefined function get_file() in /Users/Natasha/Local Sites/fictional-university/app/public/wp-content/themes/fictional-university-theme/functions.php:12
Stack trace:
#0 /Users/Natasha/Local Sites/fictional-university/app/public/wp-content/themes/fictional-university-theme/single-professor.php(6): pageBanner()
#1 /Users/Natasha/Local Sites/fictional-university/app/public/wp-includes/template-loader.php(106): include('/Users/Natasha/...')
#2 /Users/Natasha/Local Sites/fictional-university/app/public/wp-blog-header.php(19): require_once('/Users/Natasha/...')
#3 /Users/Natasha/Local Sites/fictional-university/app/public/index.php(17): require('/Users/Natasha/...')
#4 {main}
  thrown in /Users/Natasha/Local Sites/fictional-university/app/public/wp-content/themes/fictional-university-theme/functions.php on line 12
[21-Jan-2023 17:18:09 UTC] PHP Warning:  Trying to access array offset on value of type null in /Users/Natasha/Local Sites/fictional-university/app/public/wp-content/themes/fictional-university-theme/functions.php on line 4
[21-Jan-2023 17:18:09 UTC] PHP Warning:  Undefined array key "subtitle" in /Users/Natasha/Local Sites/fictional-university/app/public/wp-content/themes/fictional-university-theme/functions.php on line 7
[21-Jan-2023 17:18:09 UTC] PHP Warning:  Undefined array key "photo" in /Users/Natasha/Local Sites/fictional-university/app/public/wp-content/themes/fictional-university-theme/functions.php on line 10
[21-Jan-2023 17:18:09 UTC] PHP Fatal error:  Uncaught Error: Call to undefined function get_file() in /Users/Natasha/Local Sites/fictional-university/app/public/wp-content/themes/fictional-university-theme/functions.php:12
Stack trace:
#0 /Users/Natasha/Local Sites/fictional-university/app/public/wp-content/themes/fictional-university-theme/page.php(6): pageBanner()
#1 /Users/Natasha/Local Sites/fictional-university/app/public/wp-includes/template-loader.php(106): include('/Users/Natasha/...')
#2 /Users/Natasha/Local Sites/fictional-university/app/public/wp-blog-header.php(19): require_once('/Users/Natasha/...')
#3 /Users/Natasha/Local Sites/fictional-university/app/public/index.php(17): require('/Users/Natasha/...')
#4 {main}
  thrown in /Users/Natasha/Local Sites/fictional-university/app/public/wp-content/themes/fictional-university-theme/functions.php on line 12
[21-Jan-2023 17:21:21 UTC] PHP Warning:  Trying to access array offset on value of type null in /Users/Natasha/Local Sites/fictional-university/app/public/wp-content/themes/fictional-university-theme/functions.php on line 5
[21-Jan-2023 17:21:21 UTC] PHP Warning:  Undefined array key "subtitle" in /Users/Natasha/Local Sites/fictional-university/app/public/wp-content/themes/fictional-university-theme/functions.php on line 9
[21-Jan-2023 17:21:21 UTC] PHP Warning:  Undefined array key "photo" in /Users/Natasha/Local Sites/fictional-university/app/public/wp-content/themes/fictional-university-theme/functions.php on line 13
[21-Jan-2023 17:21:24 UTC] PHP Warning:  Trying to access array offset on value of type null in /Users/Natasha/Local Sites/fictional-university/app/public/wp-content/themes/fictional-university-theme/functions.php on line 5
[21-Jan-2023 17:21:24 UTC] PHP Warning:  Undefined array key "subtitle" in /Users/Natasha/Local Sites/fictional-university/app/public/wp-content/themes/fictional-university-theme/functions.php on line 9
[21-Jan-2023 17:21:24 UTC] PHP Warning:  Undefined array key "photo" in /Users/Natasha/Local Sites/fictional-university/app/public/wp-content/themes/fictional-university-theme/functions.php on line 13
[21-Jan-2023 17:21:47 UTC] PHP Warning:  Trying to access array offset on value of type null in /Users/Natasha/Local Sites/fictional-university/app/public/wp-content/themes/fictional-university-theme/functions.php on line 5
[21-Jan-2023 17:21:47 UTC] PHP Warning:  Undefined array key "subtitle" in /Users/Natasha/Local Sites/fictional-university/app/public/wp-content/themes/fictional-university-theme/functions.php on line 9
[21-Jan-2023 17:21:47 UTC] PHP Warning:  Undefined array key "photo" in /Users/Natasha/Local Sites/fictional-university/app/public/wp-content/themes/fictional-university-theme/functions.php on line 13
[21-Jan-2023 17:21:49 UTC] PHP Warning:  Trying to access array offset on value of type null in /Users/Natasha/Local Sites/fictional-university/app/public/wp-content/themes/fictional-university-theme/functions.php on line 5
[21-Jan-2023 17:21:49 UTC] PHP Warning:  Undefined array key "subtitle" in /Users/Natasha/Local Sites/fictional-university/app/public/wp-content/themes/fictional-university-theme/functions.php on line 9
[21-Jan-2023 17:21:49 UTC] PHP Warning:  Undefined array key "photo" in /Users/Natasha/Local Sites/fictional-university/app/public/wp-content/themes/fictional-university-theme/functions.php on line 13
[21-Jan-2023 17:21:51 UTC] PHP Warning:  Trying to access array offset on value of type null in /Users/Natasha/Local Sites/fictional-university/app/public/wp-content/themes/fictional-university-theme/functions.php on line 5
[21-Jan-2023 17:21:51 UTC] PHP Warning:  Undefined array key "subtitle" in /Users/Natasha/Local Sites/fictional-university/app/public/wp-content/themes/fictional-university-theme/functions.php on line 9
[21-Jan-2023 17:21:51 UTC] PHP Warning:  Undefined array key "photo" in /Users/Natasha/Local Sites/fictional-university/app/public/wp-content/themes/fictional-university-theme/functions.php on line 13
[21-Jan-2023 17:24:46 UTC] PHP Parse error:  syntax error, unexpected variable "$args", expecting "(" in /Users/Natasha/Local Sites/fictional-university/app/public/wp-content/themes/fictional-university-theme/functions.php on line 5
[21-Jan-2023 17:24:46 UTC] PHP Warning:  Trying to access array offset on value of type bool in /Users/Natasha/Local Sites/fictional-university/app/public/wp-includes/class-wp-recovery-mode-email-service.php on line 372
[21-Jan-2023 17:24:46 UTC] PHP Warning:  Trying to access array offset on value of type bool in /Users/Natasha/Local Sites/fictional-university/app/public/wp-includes/class-wp-recovery-mode-email-service.php on line 373
[21-Jan-2023 17:25:22 UTC] PHP Parse error:  syntax error, unexpected variable "$args", expecting "(" in /Users/Natasha/Local Sites/fictional-university/app/public/wp-content/themes/fictional-university-theme/functions.php on line 5
[21-Jan-2023 17:25:28 UTC] PHP Parse error:  syntax error, unexpected variable "$args", expecting "(" in /Users/Natasha/Local Sites/fictional-university/app/public/wp-content/themes/fictional-university-theme/functions.php on line 5
[21-Jan-2023 17:42:34 UTC] PHP Parse error:  syntax error, unexpected token ";", expecting ")" in /Users/Natasha/Local Sites/fictional-university/app/public/wp-content/themes/fictional-university-theme/archive.php on line 4
[22-Jan-2023 17:17:33 UTC] PHP Parse error:  syntax error, unexpected end of file in /Users/Natasha/Local Sites/fictional-university/app/public/wp-content/themes/fictional-university-theme/functions.php on line 87
[22-Jan-2023 17:17:34 UTC] PHP Parse error:  syntax error, unexpected end of file in /Users/Natasha/Local Sites/fictional-university/app/public/wp-content/themes/fictional-university-theme/functions.php on line 87
[22-Jan-2023 17:17:34 UTC] PHP Parse error:  syntax error, unexpected end of file in /Users/Natasha/Local Sites/fictional-university/app/public/wp-content/themes/fictional-university-theme/functions.php on line 87
[25-Jan-2023 16:15:47 UTC] PHP Warning:  Undefined variable $mapLcoation in /Users/Natasha/Local Sites/fictional-university/app/public/wp-content/themes/fictional-university-theme/archive-campus.php on line 17
[25-Jan-2023 16:15:47 UTC] PHP Warning:  Undefined variable $mapLcoation in /Users/Natasha/Local Sites/fictional-university/app/public/wp-content/themes/fictional-university-theme/archive-campus.php on line 17
[25-Jan-2023 16:17:33 UTC] PHP Warning:  Trying to access array offset on value of type null in /Users/Natasha/Local Sites/fictional-university/app/public/wp-content/themes/fictional-university-theme/archive-campus.php on line 17
[25-Jan-2023 16:17:33 UTC] PHP Warning:  Trying to access array offset on value of type null in /Users/Natasha/Local Sites/fictional-university/app/public/wp-content/themes/fictional-university-theme/archive-campus.php on line 17
[25-Jan-2023 16:20:56 UTC] PHP Warning:  Trying to access array offset on value of type null in /Users/Natasha/Local Sites/fictional-university/app/public/wp-content/themes/fictional-university-theme/archive-campus.php on line 17
[25-Jan-2023 16:20:56 UTC] PHP Warning:  Trying to access array offset on value of type null in /Users/Natasha/Local Sites/fictional-university/app/public/wp-content/themes/fictional-university-theme/archive-campus.php on line 17
[25-Jan-2023 16:20:56 UTC] PHP Warning:  Trying to access array offset on value of type null in /Users/Natasha/Local Sites/fictional-university/app/public/wp-content/themes/fictional-university-theme/archive-campus.php on line 17
[25-Jan-2023 16:20:56 UTC] PHP Warning:  Trying to access array offset on value of type null in /Users/Natasha/Local Sites/fictional-university/app/public/wp-content/themes/fictional-university-theme/archive-campus.php on line 17
[25-Jan-2023 16:23:44 UTC] PHP Warning:  Trying to access array offset on value of type null in /Users/Natasha/Local Sites/fictional-university/app/public/wp-content/themes/fictional-university-theme/archive-campus.php on line 20
[25-Jan-2023 16:23:44 UTC] PHP Warning:  Trying to access array offset on value of type null in /Users/Natasha/Local Sites/fictional-university/app/public/wp-content/themes/fictional-university-theme/archive-campus.php on line 21
[25-Jan-2023 16:23:44 UTC] PHP Warning:  Trying to access array offset on value of type null in /Users/Natasha/Local Sites/fictional-university/app/public/wp-content/themes/fictional-university-theme/archive-campus.php on line 20
[25-Jan-2023 16:23:44 UTC] PHP Warning:  Trying to access array offset on value of type null in /Users/Natasha/Local Sites/fictional-university/app/public/wp-content/themes/fictional-university-theme/archive-campus.php on line 21
[25-Jan-2023 16:24:36 UTC] PHP Warning:  Trying to access array offset on value of type null in /Users/Natasha/Local Sites/fictional-university/app/public/wp-content/themes/fictional-university-theme/archive-campus.php on line 20
[25-Jan-2023 16:24:36 UTC] PHP Warning:  Trying to access array offset on value of type null in /Users/Natasha/Local Sites/fictional-university/app/public/wp-content/themes/fictional-university-theme/archive-campus.php on line 21
[25-Jan-2023 16:24:36 UTC] PHP Warning:  Trying to access array offset on value of type null in /Users/Natasha/Local Sites/fictional-university/app/public/wp-content/themes/fictional-university-theme/archive-campus.php on line 20
[25-Jan-2023 16:24:36 UTC] PHP Warning:  Trying to access array offset on value of type null in /Users/Natasha/Local Sites/fictional-university/app/public/wp-content/themes/fictional-university-theme/archive-campus.php on line 21
[25-Jan-2023 16:28:26 UTC] PHP Warning:  Trying to access array offset on value of type null in /Users/Natasha/Local Sites/fictional-university/app/public/wp-content/themes/fictional-university-theme/archive-campus.php on line 20
[25-Jan-2023 16:28:26 UTC] PHP Warning:  Trying to access array offset on value of type null in /Users/Natasha/Local Sites/fictional-university/app/public/wp-content/themes/fictional-university-theme/archive-campus.php on line 21
[25-Jan-2023 16:28:26 UTC] PHP Warning:  Trying to access array offset on value of type null in /Users/Natasha/Local Sites/fictional-university/app/public/wp-content/themes/fictional-university-theme/archive-campus.php on line 20
[25-Jan-2023 16:28:26 UTC] PHP Warning:  Trying to access array offset on value of type null in /Users/Natasha/Local Sites/fictional-university/app/public/wp-content/themes/fictional-university-theme/archive-campus.php on line 21
[25-Jan-2023 16:28:28 UTC] PHP Warning:  Trying to access array offset on value of type null in /Users/Natasha/Local Sites/fictional-university/app/public/wp-content/themes/fictional-university-theme/archive-campus.php on line 20
[25-Jan-2023 16:28:28 UTC] PHP Warning:  Trying to access array offset on value of type null in /Users/Natasha/Local Sites/fictional-university/app/public/wp-content/themes/fictional-university-theme/archive-campus.php on line 21
[25-Jan-2023 16:28:28 UTC] PHP Warning:  Trying to access array offset on value of type null in /Users/Natasha/Local Sites/fictional-university/app/public/wp-content/themes/fictional-university-theme/archive-campus.php on line 20
[25-Jan-2023 16:28:28 UTC] PHP Warning:  Trying to access array offset on value of type null in /Users/Natasha/Local Sites/fictional-university/app/public/wp-content/themes/fictional-university-theme/archive-campus.php on line 21
[25-Jan-2023 16:34:42 UTC] PHP Warning:  Trying to access array offset on value of type null in /Users/Natasha/Local Sites/fictional-university/app/public/wp-content/themes/fictional-university-theme/archive-campus.php on line 20
[25-Jan-2023 16:34:42 UTC] PHP Warning:  Trying to access array offset on value of type null in /Users/Natasha/Local Sites/fictional-university/app/public/wp-content/themes/fictional-university-theme/archive-campus.php on line 21
[25-Jan-2023 16:34:42 UTC] PHP Warning:  Trying to access array offset on value of type null in /Users/Natasha/Local Sites/fictional-university/app/public/wp-content/themes/fictional-university-theme/archive-campus.php on line 20
[25-Jan-2023 16:34:42 UTC] PHP Warning:  Trying to access array offset on value of type null in /Users/Natasha/Local Sites/fictional-university/app/public/wp-content/themes/fictional-university-theme/archive-campus.php on line 21
[25-Jan-2023 16:36:02 UTC] PHP Warning:  Trying to access array offset on value of type null in /Users/Natasha/Local Sites/fictional-university/app/public/wp-content/themes/fictional-university-theme/archive-campus.php on line 20
[25-Jan-2023 16:36:02 UTC] PHP Warning:  Trying to access array offset on value of type null in /Users/Natasha/Local Sites/fictional-university/app/public/wp-content/themes/fictional-university-theme/archive-campus.php on line 21
[25-Jan-2023 16:36:02 UTC] PHP Warning:  Trying to access array offset on value of type null in /Users/Natasha/Local Sites/fictional-university/app/public/wp-content/themes/fictional-university-theme/archive-campus.php on line 20
[25-Jan-2023 16:36:02 UTC] PHP Warning:  Trying to access array offset on value of type null in /Users/Natasha/Local Sites/fictional-university/app/public/wp-content/themes/fictional-university-theme/archive-campus.php on line 21
[25-Jan-2023 20:18:08 UTC] PHP Warning:  Trying to access array offset on value of type null in /Users/Natasha/Local Sites/fictional-university/app/public/wp-content/themes/fictional-university-theme/archive-campus.php on line 20
[25-Jan-2023 20:18:08 UTC] PHP Warning:  Trying to access array offset on value of type null in /Users/Natasha/Local Sites/fictional-university/app/public/wp-content/themes/fictional-university-theme/archive-campus.php on line 21
[25-Jan-2023 20:18:08 UTC] PHP Warning:  Trying to access array offset on value of type null in /Users/Natasha/Local Sites/fictional-university/app/public/wp-content/themes/fictional-university-theme/archive-campus.php on line 23
[25-Jan-2023 20:18:08 UTC] PHP Warning:  Trying to access array offset on value of type null in /Users/Natasha/Local Sites/fictional-university/app/public/wp-content/themes/fictional-university-theme/archive-campus.php on line 20
[25-Jan-2023 20:18:08 UTC] PHP Warning:  Trying to access array offset on value of type null in /Users/Natasha/Local Sites/fictional-university/app/public/wp-content/themes/fictional-university-theme/archive-campus.php on line 21
[25-Jan-2023 20:18:08 UTC] PHP Warning:  Trying to access array offset on value of type null in /Users/Natasha/Local Sites/fictional-university/app/public/wp-content/themes/fictional-university-theme/archive-campus.php on line 23
[25-Jan-2023 20:18:13 UTC] PHP Warning:  Trying to access array offset on value of type null in /Users/Natasha/Local Sites/fictional-university/app/public/wp-content/themes/fictional-university-theme/single-campus.php on line 26
[25-Jan-2023 20:18:13 UTC] PHP Warning:  Trying to access array offset on value of type null in /Users/Natasha/Local Sites/fictional-university/app/public/wp-content/themes/fictional-university-theme/single-campus.php on line 27
[25-Jan-2023 20:18:13 UTC] PHP Warning:  Trying to access array offset on value of type null in /Users/Natasha/Local Sites/fictional-university/app/public/wp-content/themes/fictional-university-theme/single-campus.php on line 29
[25-Jan-2023 20:22:08 UTC] PHP Warning:  Trying to access array offset on value of type null in /Users/Natasha/Local Sites/fictional-university/app/public/wp-content/themes/fictional-university-theme/single-campus.php on line 26
[25-Jan-2023 20:22:08 UTC] PHP Warning:  Trying to access array offset on value of type null in /Users/Natasha/Local Sites/fictional-university/app/public/wp-content/themes/fictional-university-theme/single-campus.php on line 27
[25-Jan-2023 20:22:08 UTC] PHP Warning:  Trying to access array offset on value of type null in /Users/Natasha/Local Sites/fictional-university/app/public/wp-content/themes/fictional-university-theme/single-campus.php on line 29
[25-Jan-2023 20:22:11 UTC] PHP Warning:  Trying to access array offset on value of type null in /Users/Natasha/Local Sites/fictional-university/app/public/wp-content/themes/fictional-university-theme/single-campus.php on line 26
[25-Jan-2023 20:22:11 UTC] PHP Warning:  Trying to access array offset on value of type null in /Users/Natasha/Local Sites/fictional-university/app/public/wp-content/themes/fictional-university-theme/single-campus.php on line 27
[25-Jan-2023 20:22:11 UTC] PHP Warning:  Trying to access array offset on value of type null in /Users/Natasha/Local Sites/fictional-university/app/public/wp-content/themes/fictional-university-theme/single-campus.php on line 29
[25-Jan-2023 20:23:15 UTC] PHP Warning:  Trying to access array offset on value of type null in /Users/Natasha/Local Sites/fictional-university/app/public/wp-content/themes/fictional-university-theme/single-campus.php on line 26
[25-Jan-2023 20:23:15 UTC] PHP Warning:  Trying to access array offset on value of type null in /Users/Natasha/Local Sites/fictional-university/app/public/wp-content/themes/fictional-university-theme/single-campus.php on line 27
[25-Jan-2023 20:23:15 UTC] PHP Warning:  Trying to access array offset on value of type null in /Users/Natasha/Local Sites/fictional-university/app/public/wp-content/themes/fictional-university-theme/single-campus.php on line 29
[25-Jan-2023 20:23:32 UTC] PHP Warning:  Trying to access array offset on value of type null in /Users/Natasha/Local Sites/fictional-university/app/public/wp-content/themes/fictional-university-theme/single-campus.php on line 26
[25-Jan-2023 20:23:32 UTC] PHP Warning:  Trying to access array offset on value of type null in /Users/Natasha/Local Sites/fictional-university/app/public/wp-content/themes/fictional-university-theme/single-campus.php on line 27
[25-Jan-2023 20:23:32 UTC] PHP Warning:  Trying to access array offset on value of type null in /Users/Natasha/Local Sites/fictional-university/app/public/wp-content/themes/fictional-university-theme/single-campus.php on line 29
[25-Jan-2023 20:24:12 UTC] PHP Warning:  Trying to access array offset on value of type null in /Users/Natasha/Local Sites/fictional-university/app/public/wp-content/themes/fictional-university-theme/single-campus.php on line 26
[25-Jan-2023 20:24:13 UTC] PHP Warning:  Trying to access array offset on value of type null in /Users/Natasha/Local Sites/fictional-university/app/public/wp-content/themes/fictional-university-theme/single-campus.php on line 27
[25-Jan-2023 20:24:13 UTC] PHP Warning:  Trying to access array offset on value of type null in /Users/Natasha/Local Sites/fictional-university/app/public/wp-content/themes/fictional-university-theme/single-campus.php on line 29
[25-Jan-2023 20:24:45 UTC] PHP Warning:  Trying to access array offset on value of type null in /Users/Natasha/Local Sites/fictional-university/app/public/wp-content/themes/fictional-university-theme/single-campus.php on line 26
[25-Jan-2023 20:24:45 UTC] PHP Warning:  Trying to access array offset on value of type null in /Users/Natasha/Local Sites/fictional-university/app/public/wp-content/themes/fictional-university-theme/single-campus.php on line 27
[25-Jan-2023 20:24:45 UTC] PHP Warning:  Trying to access array offset on value of type null in /Users/Natasha/Local Sites/fictional-university/app/public/wp-content/themes/fictional-university-theme/single-campus.php on line 29
[25-Jan-2023 20:56:55 UTC] PHP Parse error:  syntax error, unexpected token "}" in /Users/Natasha/Local Sites/fictional-university/app/public/wp-content/themes/fictional-university-theme/single-program.php on line 98
[25-Jan-2023 20:59:00 UTC] PHP Parse error:  Unmatched '}' in /Users/Natasha/Local Sites/fictional-university/app/public/wp-content/themes/fictional-university-theme/single-program.php on line 107
[25-Jan-2023 20:59:02 UTC] PHP Parse error:  Unmatched '}' in /Users/Natasha/Local Sites/fictional-university/app/public/wp-content/themes/fictional-university-theme/single-program.php on line 107
[25-Jan-2023 20:59:51 UTC] PHP Parse error:  Unmatched '}' in /Users/Natasha/Local Sites/fictional-university/app/public/wp-content/themes/fictional-university-theme/single-program.php on line 107
[25-Jan-2023 21:03:38 UTC] PHP Warning:  Trying to access array offset on value of type null in /Users/Natasha/Local Sites/fictional-university/app/public/wp-content/themes/fictional-university-theme/single-campus.php on line 26
[25-Jan-2023 21:03:38 UTC] PHP Warning:  Trying to access array offset on value of type null in /Users/Natasha/Local Sites/fictional-university/app/public/wp-content/themes/fictional-university-theme/single-campus.php on line 27
[25-Jan-2023 21:03:38 UTC] PHP Warning:  Trying to access array offset on value of type null in /Users/Natasha/Local Sites/fictional-university/app/public/wp-content/themes/fictional-university-theme/single-campus.php on line 29
[25-Jan-2023 21:04:37 UTC] PHP Warning:  Trying to access array offset on value of type null in /Users/Natasha/Local Sites/fictional-university/app/public/wp-content/themes/fictional-university-theme/single-campus.php on line 26
[25-Jan-2023 21:04:37 UTC] PHP Warning:  Trying to access array offset on value of type null in /Users/Natasha/Local Sites/fictional-university/app/public/wp-content/themes/fictional-university-theme/single-campus.php on line 27
[25-Jan-2023 21:04:37 UTC] PHP Warning:  Trying to access array offset on value of type null in /Users/Natasha/Local Sites/fictional-university/app/public/wp-content/themes/fictional-university-theme/single-campus.php on line 29
[25-Jan-2023 21:07:54 UTC] PHP Warning:  Trying to access array offset on value of type null in /Users/Natasha/Local Sites/fictional-university/app/public/wp-content/themes/fictional-university-theme/single-campus.php on line 26
[25-Jan-2023 21:07:54 UTC] PHP Warning:  Trying to access array offset on value of type null in /Users/Natasha/Local Sites/fictional-university/app/public/wp-content/themes/fictional-university-theme/single-campus.php on line 27
[25-Jan-2023 21:07:54 UTC] PHP Warning:  Trying to access array offset on value of type null in /Users/Natasha/Local Sites/fictional-university/app/public/wp-content/themes/fictional-university-theme/single-campus.php on line 29
[29-Jan-2023 18:10:15 UTC] PHP Parse error:  syntax error, unexpected token "}", expecting ";" in /Users/Natasha/Local Sites/fictional-university/app/public/wp-content/themes/fictional-university-theme/functions.php on line 5
[29-Jan-2023 18:54:20 UTC] PHP Parse error:  syntax error, unexpected token "}" in /Users/Natasha/Local Sites/fictional-university/app/public/wp-content/themes/fictional-university-theme/inc/search-route.php on line 22
[30-Jan-2023 22:05:31 UTC] PHP Warning:  Trying to access array offset on value of type null in /Users/Natasha/Local Sites/fictional-university/app/public/wp-content/themes/fictional-university-theme/archive-campus.php on line 20
[30-Jan-2023 22:05:31 UTC] PHP Warning:  Trying to access array offset on value of type null in /Users/Natasha/Local Sites/fictional-university/app/public/wp-content/themes/fictional-university-theme/archive-campus.php on line 21
[30-Jan-2023 22:05:31 UTC] PHP Warning:  Trying to access array offset on value of type null in /Users/Natasha/Local Sites/fictional-university/app/public/wp-content/themes/fictional-university-theme/archive-campus.php on line 23
[30-Jan-2023 22:05:31 UTC] PHP Warning:  Trying to access array offset on value of type null in /Users/Natasha/Local Sites/fictional-university/app/public/wp-content/themes/fictional-university-theme/archive-campus.php on line 20
[30-Jan-2023 22:05:31 UTC] PHP Warning:  Trying to access array offset on value of type null in /Users/Natasha/Local Sites/fictional-university/app/public/wp-content/themes/fictional-university-theme/archive-campus.php on line 21
[30-Jan-2023 22:05:31 UTC] PHP Warning:  Trying to access array offset on value of type null in /Users/Natasha/Local Sites/fictional-university/app/public/wp-content/themes/fictional-university-theme/archive-campus.php on line 23
