[17-Dec-2022 15:39:27] NOTICE: fpm is running, pid 85045
[17-Dec-2022 15:39:27] NOTICE: ready to handle connections
[18-Dec-2022 20:24:03] NOTICE: Terminating ...
[18-Dec-2022 20:24:03] NOTICE: Terminating ...
[18-Dec-2022 20:24:03] NOTICE: exiting, bye-bye!
[24-Dec-2022 11:13:32] NOTICE: fpm is running, pid 75151
[24-Dec-2022 11:13:32] NOTICE: ready to handle connections
[26-Dec-2022 21:21:18] NOTICE: Terminating ...
[26-Dec-2022 21:21:18] NOTICE: Terminating ...
[26-Dec-2022 21:21:18] NOTICE: exiting, bye-bye!
[27-Dec-2022 08:08:43] NOTICE: fpm is running, pid 1278
[27-Dec-2022 08:08:43] NOTICE: ready to handle connections
[29-Dec-2022 16:37:27] NOTICE: Terminating ...
[29-Dec-2022 16:37:27] NOTICE: Terminating ...
[29-Dec-2022 16:37:27] NOTICE: exiting, bye-bye!
[07-Jan-2023 11:03:45] NOTICE: fpm is running, pid 41764
[07-Jan-2023 11:03:45] NOTICE: ready to handle connections
[14-Jan-2023 11:35:40] NOTICE: fpm is running, pid 56345
[14-Jan-2023 11:35:40] NOTICE: ready to handle connections
[14-Jan-2023 13:07:55] NOTICE: Terminating ...
[14-Jan-2023 13:07:55] NOTICE: Terminating ...
[14-Jan-2023 13:07:55] NOTICE: exiting, bye-bye!
[16-Jan-2023 12:48:22] NOTICE: fpm is running, pid 36205
[16-Jan-2023 12:48:22] NOTICE: ready to handle connections
[16-Jan-2023 17:01:20] NOTICE: Terminating ...
[16-Jan-2023 17:01:20] NOTICE: Terminating ...
[16-Jan-2023 17:01:20] NOTICE: exiting, bye-bye!
[21-Jan-2023 10:32:51] NOTICE: fpm is running, pid 72725
[21-Jan-2023 10:32:51] NOTICE: ready to handle connections
[22-Jan-2023 19:25:24] NOTICE: Terminating ...
[22-Jan-2023 19:25:24] NOTICE: Terminating ...
[22-Jan-2023 19:25:24] NOTICE: exiting, bye-bye!
[25-Jan-2023 09:07:01] NOTICE: fpm is running, pid 1910
[25-Jan-2023 09:07:01] NOTICE: ready to handle connections
